#
# There is insufficient memory for the Java Runtime Environment to continue.
# Native memory allocation (mmap) failed to map 132120576 bytes for G1 virtual space
# Possible reasons:
#   The system is out of physical RAM or swap space
#   The process is running with CompressedOops enabled, and the Java Heap may be blocking the growth of the native heap
# Possible solutions:
#   Reduce memory load on the system
#   Increase physical memory or swap space
#   Check if swap backing store is full
#   Decrease Java heap size (-Xmx/-Xms)
#   Decrease number of Java threads
#   Decrease Java thread stack sizes (-Xss)
#   Set larger code cache with -XX:ReservedCodeCacheSize=
#   JVM is running with Unscaled Compressed Oops mode in which the Java heap is
#     placed in the first 4GB address space. The Java Heap base address is the
#     maximum limit for the native heap growth. Please use -XX:HeapBaseMinAddress
#     to set the Java Heap base and to place the Java Heap above 4GB virtual address.
# This output file may be truncated or incomplete.
#
#  Out of Memory Error (os_windows.cpp:3528), pid=26868, tid=19420
#
# JRE version:  (20.0.2.1+10) (build )
# Java VM: OpenJDK 64-Bit Server VM (20.0.2.1+10-FR, mixed mode, sharing, tiered, compressed oops, compressed class ptrs, g1 gc, windows-amd64)
# No core dump will be written. Minidumps are not enabled by default on client versions of Windows
#

---------------  S U M M A R Y ------------

Command Line: -javaagent:C:\Program Files\JetBrains\IntelliJ IDEA Community Edition 2024.3.2.2\lib\idea_rt.jar=13366:C:\Program Files\JetBrains\IntelliJ IDEA Community Edition 2024.3.2.2\bin -Dfile.encoding=UTF-8 -Dsun.stdout.encoding=UTF-8 -Dsun.stderr.encoding=UTF-8 com.example.ApplicationKt

Host: Intel(R) Core(TM) i5-10210U CPU @ 1.60GHz, 8 cores, 7G,  Windows 11 , 64 bit Build 22621 (10.0.22621.4974)
Time: Wed Jun 11 19:33:52 2025 RTZ 2 (s 11 , 64 bit Build 22621 (10.0.22621.4974) elapsed time: 0.015752 seconds (0d 0h 0m 0s)

---------------  T H R E A D  ---------------

Current thread (0x000001f00085d510):  JavaThread "Unknown thread" [_thread_in_vm, id=19420, stack(0x0000004f82300000,0x0000004f82400000)]

Stack: [0x0000004f82300000,0x0000004f82400000]
Native frames: (J=compiled Java code, j=interpreted, Vv=VM code, C=native code)
V  [jvm.dll+0x6ba11a]
V  [jvm.dll+0x8968da]
V  [jvm.dll+0x898665]
V  [jvm.dll+0x898d53]
V  [jvm.dll+0x27f9ff]
V  [jvm.dll+0x6b6f69]
V  [jvm.dll+0x6abe7a]
V  [jvm.dll+0x358ce5]
V  [jvm.dll+0x360e46]
V  [jvm.dll+0x3b19fe]
V  [jvm.dll+0x3b1c85]
V  [jvm.dll+0x329d4a]
V  [jvm.dll+0x32ab6b]
V  [jvm.dll+0x86014f]
V  [jvm.dll+0x3be8d1]
V  [jvm.dll+0x84bc93]
V  [jvm.dll+0x44a22f]
V  [jvm.dll+0x44bcc1]
C  [jli.dll+0x525c]
C  [ucrtbase.dll+0x29333]
C  [KERNEL32.DLL+0x1259d]
C  [ntdll.dll+0x5af38]


---------------  P R O C E S S  ---------------

Threads class SMR info:
_java_thread_list=0x00007ffa25d0e658, length=0, elements={
}

Java Threads: ( => current thread )

Other Threads:
  0x000001f0008b9f60 WorkerThread "GC Thread#0" [stack: 0x0000004f82400000,0x0000004f82500000] [id=27848]
  0x000001f0008cab10 ConcurrentGCThread "G1 Main Marker" [stack: 0x0000004f82500000,0x0000004f82600000] [id=11180]
  0x000001f07e5ec530 WorkerThread "G1 Conc#0" [stack: 0x0000004f82600000,0x0000004f82700000] [id=7684]

[error occurred during error reporting (printing all threads), id 0xc0000005, EXCEPTION_ACCESS_VIOLATION (0xc0000005) at pc=0x00007ffa2548ca97]
VM state: not at safepoint (not fully initialized)

VM Mutex/Monitor currently owned by a thread:  ([mutex/lock_event])
[0x000001f000859940] Heap_lock - owner thread: 0x000001f00085d510

Heap address: 0x0000000082800000, size: 2008 MB, Compressed Oops mode: 32-bit

CDS archive(s) mapped at: [0x0000000000000000-0x0000000000000000-0x0000000000000000), size 0, SharedBaseAddress: 0x0000000800000000, ArchiveRelocationMode: 1.
Narrow klass base: 0x0000000000000000, Narrow klass shift: 0, Narrow klass range: 0x0

GC Precious Log:
 CardTable entry size: 512
 Card Set container configuration: InlinePtr #cards 5 size 8 Array Of Cards #cards 12 size 40 Howl #buckets 4 coarsen threshold 1843 Howl Bitmap #cards 512 size 80 coarsen threshold 460 Card regions per heap region 1 cards per card region 2048

Heap:
 garbage-first heap   total 0K, used 0K [0x0000000082800000, 0x0000000100000000)
  region size 1024K, 0 young (0K), 0 survivors (0K)

[error occurred during error reporting (printing heap information), id 0xc0000005, EXCEPTION_ACCESS_VIOLATION (0xc0000005) at pc=0x00007ffa25862409]
GC Heap History (0 events):
No events

Dll operation events (1 events):
Event: 0.011 Loaded shared library C:\Users\irisp\.jdks\corretto-20.0.2.1\bin\java.dll

Deoptimization events (0 events):
No events

Classes loaded (0 events):
No events

Classes unloaded (0 events):
No events

Classes redefined (0 events):
No events

Internal exceptions (0 events):
No events

VM Operations (0 events):
No events

Events (0 events):
No events


Dynamic libraries:
0x00007ff7f2780000 - 0x00007ff7f278e000 	C:\Users\irisp\.jdks\corretto-20.0.2.1\bin\java.exe
0x00007ffa8e970000 - 0x00007ffa8eb87000 	C:\Windows\SYSTEM32\ntdll.dll
0x00007ffa8d8b0000 - 0x00007ffa8d974000 	C:\Windows\System32\KERNEL32.DLL
0x00007ffa8c120000 - 0x00007ffa8c4f1000 	C:\Windows\System32\KERNELBASE.dll
0x00007ffa8bbd0000 - 0x00007ffa8bce1000 	C:\Windows\System32\ucrtbase.dll
0x00007ffa78850000 - 0x00007ffa7886b000 	C:\Users\irisp\.jdks\corretto-20.0.2.1\bin\VCRUNTIME140.dll
0x00007ffa78870000 - 0x00007ffa78887000 	C:\Users\irisp\.jdks\corretto-20.0.2.1\bin\jli.dll
0x00007ffa8ce00000 - 0x00007ffa8cfb1000 	C:\Windows\System32\USER32.dll
0x00007ffa8be50000 - 0x00007ffa8be76000 	C:\Windows\System32\win32u.dll
0x00007ffa8ccc0000 - 0x00007ffa8cce9000 	C:\Windows\System32\GDI32.dll
0x00007ffa8bab0000 - 0x00007ffa8bbcb000 	C:\Windows\System32\gdi32full.dll
0x00007ffa6cab0000 - 0x00007ffa6cd42000 	C:\Windows\WinSxS\amd64_microsoft.windows.common-controls_6595b64144ccf1df_6.0.22621.4830_none_270fe7d773858e80\COMCTL32.dll
0x00007ffa8bdb0000 - 0x00007ffa8be4a000 	C:\Windows\System32\msvcp_win.dll
0x00007ffa8dd90000 - 0x00007ffa8de37000 	C:\Windows\System32\msvcrt.dll
0x00007ffa8cac0000 - 0x00007ffa8caf1000 	C:\Windows\System32\IMM32.DLL
0x00007ffa84b20000 - 0x00007ffa84b2c000 	C:\Users\irisp\.jdks\corretto-20.0.2.1\bin\vcruntime140_1.dll
0x00007ffa54570000 - 0x00007ffa545fe000 	C:\Users\irisp\.jdks\corretto-20.0.2.1\bin\msvcp140.dll
0x00007ffa25150000 - 0x00007ffa25e54000 	C:\Users\irisp\.jdks\corretto-20.0.2.1\bin\server\jvm.dll
0x00007ffa8dbc0000 - 0x00007ffa8dc71000 	C:\Windows\System32\ADVAPI32.dll
0x00007ffa8cb00000 - 0x00007ffa8cba7000 	C:\Windows\System32\sechost.dll
0x00007ffa8be80000 - 0x00007ffa8bea8000 	C:\Windows\System32\bcrypt.dll
0x00007ffa8d450000 - 0x00007ffa8d564000 	C:\Windows\System32\RPCRT4.dll
0x00007ffa86610000 - 0x00007ffa86644000 	C:\Windows\SYSTEM32\WINMM.dll
0x00007ffa84bf0000 - 0x00007ffa84bfa000 	C:\Windows\SYSTEM32\VERSION.dll
0x00007ffa6e8b0000 - 0x00007ffa6e8b9000 	C:\Windows\SYSTEM32\WSOCK32.dll
0x00007ffa8d3d0000 - 0x00007ffa8d441000 	C:\Windows\System32\WS2_32.dll
0x00007ffa8aac0000 - 0x00007ffa8aad8000 	C:\Windows\SYSTEM32\kernel.appcore.dll
0x00007ffa78840000 - 0x00007ffa7884a000 	C:\Users\irisp\.jdks\corretto-20.0.2.1\bin\jimage.dll
0x00007ffa88af0000 - 0x00007ffa88d22000 	C:\Windows\SYSTEM32\DBGHELP.DLL
0x00007ffa8cfc0000 - 0x00007ffa8d350000 	C:\Windows\System32\combase.dll
0x00007ffa8d5d0000 - 0x00007ffa8d6a7000 	C:\Windows\System32\OLEAUT32.dll
0x00007ffa6e800000 - 0x00007ffa6e832000 	C:\Windows\SYSTEM32\dbgcore.DLL
0x00007ffa8bf30000 - 0x00007ffa8bfab000 	C:\Windows\System32\bcryptPrimitives.dll
0x00007ffa783e0000 - 0x00007ffa783ee000 	C:\Users\irisp\.jdks\corretto-20.0.2.1\bin\instrument.dll
0x00007ffa67f10000 - 0x00007ffa67f36000 	C:\Users\irisp\.jdks\corretto-20.0.2.1\bin\java.dll

dbghelp: loaded successfully - version: 4.0.5 - missing functions: none
symbol engine: initialized successfully - sym options: 0x614 - pdb path: .;C:\Users\irisp\.jdks\corretto-20.0.2.1\bin;C:\Windows\SYSTEM32;C:\Windows\WinSxS\amd64_microsoft.windows.common-controls_6595b64144ccf1df_6.0.22621.4830_none_270fe7d773858e80;C:\Users\irisp\.jdks\corretto-20.0.2.1\bin\server

VM Arguments:
jvm_args: -javaagent:C:\Program Files\JetBrains\IntelliJ IDEA Community Edition 2024.3.2.2\lib\idea_rt.jar=13366:C:\Program Files\JetBrains\IntelliJ IDEA Community Edition 2024.3.2.2\bin -Dfile.encoding=UTF-8 -Dsun.stdout.encoding=UTF-8 -Dsun.stderr.encoding=UTF-8 
java_command: com.example.ApplicationKt
java_class_path (initial): C:\Users\irisp\IdeaProjects\matule-project\build\classes\kotlin\main;C:\Users\irisp\IdeaProjects\matule-project\build\resources\main;C:\Users\irisp\.gradle\caches\modules-2\files-2.1\io.insert-koin\koin-ktor\4.0.3\63fcfbff985d2d19fdb89ab853ebc1cffba12bee\koin-ktor-4.0.3.jar;C:\Users\irisp\.gradle\caches\modules-2\files-2.1\io.insert-koin\koin-logger-slf4j\3.5.0\b6050b7dcb9cd0abe88c9faa6bb3f249881da8a5\koin-logger-slf4j-3.5.0.jar;C:\Users\irisp\.gradle\caches\modules-2\files-2.1\org.jetbrains.kotlin\kotlin-stdlib\2.1.20\aa8ca79cd50578314f6d1180c47cbe14c0fee567\kotlin-stdlib-2.1.20.jar;C:\Users\irisp\.gradle\caches\modules-2\files-2.1\ch.qos.logback\logback-classic\1.4.11\54450c0c783e896a1a6d88c043bd2f1daba1c382\logback-classic-1.4.11.jar;C:\Users\irisp\.gradle\caches\modules-2\files-2.1\io.ktor\ktor-server-netty-jvm\3.1.3\a572549ef2e34eab7a034e02683c73d3b49dd19\ktor-server-netty-jvm-3.1.3.jar;C:\Users\irisp\.gradle\caches\modules-2\files-2.1\io.ktor\ktor-server-content-negotiation-jvm\3.1.3\91de9dd42c194b6fccc4e8b09593ff5ce36e33c7\ktor-server-content-negotiation-jvm-3.1.3.jar;C:\Users\irisp\.gradle\caches\modules-2\files-2.1\io.ktor\ktor-server-resources-jvm\3.1.3\4f525709c4fd759fde02e80015794b200097977\ktor-server-resources-jvm-3.1.3.jar;C:\Users\irisp\.gradle\caches\modules-2\files-2.1\io.ktor\ktor-server-auth-jwt-jvm\3.1.3\71fe03f3a4dfa2c56b78a8306a113c1862c94434\ktor-server-auth-jwt-jvm-3.1.3.jar;C:\Users\irisp\.gradle\caches\modules-2\files-2.1\io.ktor\ktor-server-auth-jvm\3.1.3\eed3c20e5e513eef81da345d60f2654cb20852c9\ktor-server-auth-jvm-3.1.3.jar;C:\Users\irisp\.gradle\caches\modules-2\files-2.1\io.ktor\ktor-server-config-yaml-jvm\3.1.3\82ebbb50a3870c2eb363dfeff63596552c7e5549\ktor-server-config-yaml-jvm-3.1.3.jar;C:\Users\irisp\.gradle\caches\modules-2\files-2.1\io.ktor\ktor-server-core-jvm\3.1.3\fe59c0964bf32bba16611a3d7f4842677b64c24f\ktor-server-core-jvm-3.1.3.jar;C:\Users\irisp\.gradle\caches\modules-2\files-2.1\io.ktor\ktor-serialization-kotlinx-json-jvm\3.1.3\e110d4b68d6af58bd976b69e603dfde31b453d99\ktor-serialization-kotlinx-json-jvm-3.1.3.jar;C:\Users\irisp\.gradle\caches\modules-2\files-2.1\org.jetbrains.kotlin\kotlin-stdlib-jdk8\1.9.0\e000bd084353d84c9e888f6fb341dc1f5b79d948\kotlin-stdlib-jdk8-1.9.0.jar;C:\Users\irisp\.gradle\caches\modules-2\files-2.1\org.slf4j\slf4j-api\2.0.16\172931663a09a1fa515567af5fbef00897d3c04\slf4j-api-2.0.16.jar;C:\Users\irisp\.gradle\caches\modules-2\files-2.1\org.jetbrains.kotlinx\kotlinx-serialization-json-jvm\1.8.1\4de3bace4b175753df5484d2acd74c14bfeb5be9\kotlinx-serialization-json-jvm-1.8.1.jar;C:\Users\irisp\.gradle\caches\modules-2\files-2.1\org.jetbrains\annotations\23.0.0\8cc20c07506ec18e0834947b84a864bfc094484e\annotations-23.0.0.jar;C:\Users\irisp\.gradle\caches\modules-2\files-2.1\ch.qos.logback\logback-core\1.4.11\2f9f280219a9922a74200eaf7138c4c17fb87c0f\logback-core-1.4.11.jar;C:\Users\irisp\.gradle\caches\modules-2\files-2.1\io.insert-koin\koin-core-jvm\4.0.3\a846d2959adbdc88ff6b94110d32561f65bb4777\koin-core-jvm-4.0.3.jar;C:\Users\irisp\.gradle\caches\modules-2\files-2.1\io.netty\netty-codec-http2\4.1.119.Final\648b066861723b60635bef2047229ed73d0cbd04\netty-codec-http2-4.1.119.Final.jar;C:\Users\irisp\.gradle\caches\modules-2\files-2.1\org.eclipse.jetty.alpn\alpn-api\1.1.3.v20160715\a1bf3a937f91b4c953acd13e8c9552347adc2198\alpn-api-1.1.3.v20160715.jar;C:\Users\irisp\.gradle\caches\modules-2\files-2.1\io.netty\netty-transport-native-kqueue\4.1.119.Final\a421ce234f856ff9b84bfd350138523e9ffd70bd\netty-transport-native-kqueue-4.1.119.Final.jar;C:\Users\irisp\.gradle\caches\modules-2\files-2.1\io.netty\netty-transport-native-epoll\4.1.119.Final\c4b9339262b59f4808674d3b4ba4d5c4846921df\netty-transport-native-epoll-4.1.119.Final.jar;C:\Users\irisp\.gradle\caches\modules-2\files-2.1\com.auth0\java-jwt\4.5.0\d7004155fe57a107cc40fb6be0132d8ad2530613\java-jwt-4.5.0.jar;C:\Users\irisp\.gradle\caches\modules-2\files-2.1\com.auth0\jwks-rsa\0.22.1\6da617499e4614b5c22a52cb142dfe376a9a4f00\jwks-rsa-0.22.1.jar;C:\Users\irisp\.gradle\caches\modules-2\files-2.1\org.jetbrains.kotlin\kotlin-reflect\2.1.20\3c1003045c4f2a72f987a147abac8e7058be1183\kotlin-reflect-2.1.20.jar;C:\Users\irisp\.gradle\caches\modules-2\files-2.1\com.typesafe\config\1.4.3\b57e0fbdc7270d8ea59c1ba367457a5cc7ba0e98\config-1.4.3.jar;C:\Users\irisp\.gradle\caches\modules-2\files-2.1\org.jetbrains.kotlin\kotlin-stdlib-jdk7\1.9.0\f320478990d05e0cfaadd74f9619fd6027adbf37\kotlin-stdlib-jdk7-1.9.0.jar;C:\Users\irisp\.gradle\caches\modules-2\files-2.1\org.jetbrains.kotlinx\kotlinx-coroutines-core-jvm\1.10.2\4a9f78ef49483748e2c129f3d124b8fa249dafbf\kotlinx-coroutines-core-jvm-1.10.2.jar;C:\Users\irisp\.gradle\caches\modules-2\files-2.1\io.netty\netty-codec-http\4.1.119.Final\23196984df6083cc39bef22a54c6cf5b157f3824\netty-codec-http-4.1.119.Final.jar;C:\Users\irisp\.gradle\caches\modules-2\files-2.1\io.netty\netty-handler\4.1.119.Final\a0059b8d779ce566b524efd6d73ba4fcff3cd5d9\netty-handler-4.1.119.Final.jar;C:\Users\irisp\.gradle\caches\modules-2\files-2.1\io.netty\netty-codec\4.1.119.Final\337ca8e8c3ef23925e02d56347b414d7616d1d02\netty-codec-4.1.119.Final.jar;C:\Users\irisp\.gradle\caches\modules-2\files-2.1\io.netty\netty-transport\4.1.119.Final\d05df879054297962d056b77460fc4ff20e30073\netty-transport-4.1.119.Final.jar;C:\Users\irisp\.gradle\caches\modules-2\files-2.1\io.netty\netty-buffer\4.1.119.Final\5864149b2e5a2af7b05fe9e9dc3e4b70d3060a7c\netty-buffer-4.1.119.Final.jar;C:\Users\irisp\.gradle\caches\modules-2\files-2.1\io.netty\netty-common\4.1.119.Final\2f7c360b03c0aceab7efc1f7c2b75274f0f35909\netty-common-4.1.119.Final.jar;C:\Users\irisp\.gradle\caches\modules-2\files-2.1\io.netty\netty-transport-classes-kqueue\4.1.119.Final\e3e70378ab16b97af83b79dc67227299ae20c90\netty-transport-classes-kqueue-4.1.119.Final.jar;C:\Users\irisp\.gradle\caches\modules-2\files-2.1\io.netty\netty-transport-native-unix-common\4.1.119.Final\55afdeb456bccf8eecb06431f3c1537269afe9af\netty-transport-native-unix-common-4.1.119.Final.jar;C:\Users\irisp\.gradle\caches\modules-2\files-2.1\io.netty\netty-transport-classes-epoll\4.1.119.Final\1d2d986ae0615d50f5cee338f0e9e73f46e8158\netty-transport-classes-epoll-4.1.119.Final.jar;C:\Users\irisp\.gradle\caches\modules-2\files-2.1\io.ktor\ktor-resources-jvm\3.1.3\60a45fe45a612c25568081673035e6b01711d1fc\ktor-resources-jvm-3.1.3.jar;C:\Users\irisp\.gradle\caches\modules-2\files-2.1\org.jetbrains.kotlinx\kotlinx-serialization-core-jvm\1.8.1\510cb839cce9a3e708052d480a6fbf4a7274dfcd\kotlinx-serialization-core-jvm-1.8.1.jar;C:\Users\irisp\.gradle\caches\modules-2\files-2.1\com.fasterxml.jackson.core\jackson-databind\2.15.4\560309fc381f77d4d15c4a4cdaa0db5025c4fd13\jackson-databind-2.15.4.jar;C:\Users\irisp\.gradle\caches\modules-2\files-2.1\com.fasterxml.jackson.core\jackson-core\2.15.4\aebe84b45360debad94f692a4074c6aceb535fa0\jackson-core-2.15.4.jar;C:\Users\irisp\.gradle\caches\modules-2\files-2.1\io.ktor\ktor-server-sessions-jvm\3.1.3\7f037962df5a6d7ed90ea0a11b2d410b330e852e\ktor-server-sessions-jvm-3.1.3.jar;C:\Users\irisp\.gradle\caches\modules-2\files-2.1\io.ktor\ktor-client-core-jvm\3.1.3\6691d28df87f6a195d6d4f48088b74cb4445d1f4\ktor-client-core-jvm-3.1.3.jar;C:\Users\irisp\.gradle\caches\modules-2\files-2.1\net.mamoe.yamlkt\yamlkt-jvm\0.13.0\9c93e3ef80314d6486f6f9be95db8df6bc728d67\yamlkt-jvm-0.13.0.jar;C:\Users\irisp\.gradle\caches\modules-2\files-2.1\io.ktor\ktor-http-cio-jvm\3.1.3\a38e4f73b7ca3fb65acd040d95b0d3dd935505fc\ktor-http-cio-jvm-3.1.3.jar;C:\Users\irisp\.gradle\caches\modules-2\files-2.1\io.ktor\ktor-serialization-jvm\3.1.3\ecdbdd352b01b9bf7ff37d2b41d3c32ee470b58d\ktor-serialization-jvm-3.1.3.jar;C:\Users\irisp\.gradle\caches\modules-2\files-2.1\io.ktor\ktor-websockets-jvm\3.1.3\ba5d56f7ecfd3347b351dcc3bfd519233aaa22b\ktor-websockets-jvm-3.1.3.jar;C:\Users\irisp\.gradle\caches\modules-2\files-2.1\io.ktor\ktor-http-jvm\3.1.3\881944d6731e34f5a90e9d9ac3e942f45d41761c\ktor-http-jvm-3.1.3.jar;C:\Users\irisp\.gradle\caches\modules-2\files-2.1\io.ktor\ktor-events-jvm\3.1.3\ebce4d94edc41cd8ca119da9152af8aa63f706c7\ktor-events-jvm-3.1.3.jar;C:\Users\irisp\.gradle\caches\modules-2\files-2.1\io.ktor\ktor-utils-jvm\3.1.3\d2e56dca809c965fa498df86a570fc9ed5b9551f\ktor-utils-jvm-3.1.3.jar;C:\Users\irisp\.gradle\caches\modules-2\files-2.1\io.ktor\ktor-serialization-kotlinx-jvm\3.1.3\bcea8c228ac519643a977226402addf53fca15d8\ktor-serialization-kotlinx-jvm-3.1.3.jar;C:\Users\irisp\.gradle\caches\modules-2\files-2.1\org.jetbrains.kotlinx\kotlinx-serialization-json-io-jvm\1.8.1\de4e31bfc7ddf8585418f8d4fca649feca574cdf\kotlinx-serialization-json-io-jvm-1.8.1.jar;C:\Users\irisp\.gradle\caches\modules-2\files-2.1\io.netty\netty-resolver\4.1.119.Final\e1f7c90aff71bdf0e2294a200b5f89244f88dcf7\netty-resolver-4.1.119.Final.jar;C:\Users\irisp\.gradle\caches\modules-2\files-2.1\com.fasterxml.jackson.core\jackson-annotations\2.15.4\5223ea5a9bf52cdc9c5e537a0e52f2432eaf208b\jackson-annotations-2.15.4.jar;C:\Users\irisp\.gradle\caches\modules-2\files-2.1\io.ktor\ktor-websocket-serialization-jvm\3.1.3\e89460b5597c8cbe0fc22766c6cf6fd25af5326b\ktor-websocket-serialization-jvm-3.1.3.jar;C:\Users\irisp\.gradle\caches\modules-2\files-2.1\io.ktor\ktor-sse-jvm\3.1.3\923aed31a9c222641d0dcb1c793d3c8d03f976a3\ktor-sse-jvm-3.1.3.jar;C:\Users\irisp\.gradle\caches\modules-2\files-2.1\io.ktor\ktor-network-jvm\3.1.3\6c3bc178f66874bf4883dd1ac7e8a92871b02a4f\ktor-network-jvm-3.1.3.jar;C:\Users\irisp\.gradle\caches\modules-2\files-2.1\io.ktor\ktor-io-jvm\3.1.3\24be84462406569be2359e5a013a4fa8770a1c0c\ktor-io-jvm-3.1.3.jar;C:\Users\irisp\.gradle\caches\modules-2\files-2.1\org.jetbrains.kotlinx\kotlinx-io-core-jvm\0.7.0\1d9595ed390f6304ce90a049e6b2f1fab3b408c4\kotlinx-io-core-jvm-0.7.0.jar;C:\Users\irisp\.gradle\caches\modules-2\files-2.1\org.jetbrains.kotlinx\kotlinx-io-bytestring-jvm\0.7.0\ffe5bd231da40d21870250703326113277dbf9c3\kotlinx-io-bytestring-jvm-0.7.0.jar;C:\Users\irisp\.gradle\caches\modules-2\files-2.1\org.fusesource.jansi\jansi\2.4.1\d5774f204d990c9f5da2809b88f928515577beb4\jansi-2.4.1.jar;C:\Users\irisp\.gradle\caches\modules-2\files-2.1\com.google.guava\guava\32.1.1-jre\ad575652d84153075dd41ec6177ccb15251262b2\guava-32.1.1-jre.jar;C:\Users\irisp\.gradle\caches\modules-2\files-2.1\co.touchlab\stately-concurrent-collections-jvm\2.1.0\5c03b644537d7926a8f77e5735a8bebb55dafdcd\stately-concurrent-collections-jvm-2.1.0.jar;C:\Users\irisp\.gradle\caches\modules-2\files-2.1\co.touchlab\stately-concurrency-jvm\2.1.0\6285428408c4d7e4a6d9a09511de877103effd81\stately-concurrency-jvm-2.1.0.jar;C:\Users\irisp\.gradle\caches\modules-2\files-2.1\com.google.guava\failureaccess\1.0.1\1dcf1de382a0bf95a3d8b0849546c88bac1292c9\failureaccess-1.0.1.jar;C:\Users\irisp\.gradle\caches\modules-2\files-2.1\com.google.code.findbugs\jsr305\3.0.2\25ea2e8b0c338a877313bd4672d3fe056ea78f0d\jsr305-3.0.2.jar;C:\Users\irisp\.gradle\caches\modules-2\files-2.1\org.checkerframework\checker-qual\3.33.0\de2b60b62da487644fc11f734e73c8b0b431238f\checker-qual-3.33.0.jar;C:\Users\irisp\.gradle\caches\modules-2\files-2.1\com.google.errorprone\error_prone_annotations\2.18.0\89b684257096f548fa39a7df9fdaa409d4d4df91\error_prone_annotations-2.18.0.jar;C:\Users\irisp\.gradle\caches\modules-2\files-2.1\org.jetbrains.kotlinx\kotlinx-coroutines-slf4j\1.10.2\1271f9d4a929150bb87ab8d1dc1e86d4bcf039f3\kotlinx-coroutines-slf4j-1.10.2.jar;C:\Users\irisp\.gradle\caches\modules-2\files-2.1\co.touchlab\stately-strict-jvm\2.1.0\3ae8369209065455f4630793bf6aca0fb88c8b6b\stately-strict-jvm-2.1.0.jar
Launcher Type: SUN_STANDARD

[Global flags]
     intx CICompilerCount                          = 4                                         {product} {ergonomic}
     uint ConcGCThreads                            = 2                                         {product} {ergonomic}
     uint G1ConcRefinementThreads                  = 8                                         {product} {ergonomic}
   size_t G1HeapRegionSize                         = 1048576                                   {product} {ergonomic}
    uintx GCDrainStackTargetSize                   = 64                                        {product} {ergonomic}
   size_t InitialHeapSize                          = 132120576                                 {product} {ergonomic}
   size_t MarkStackSize                            = 4194304                                   {product} {ergonomic}
   size_t MaxHeapSize                              = 2105540608                                {product} {ergonomic}
   size_t MinHeapDeltaBytes                        = 1048576                                   {product} {ergonomic}
   size_t MinHeapSize                              = 8388608                                   {product} {ergonomic}
    uintx NonNMethodCodeHeapSize                   = 5839372                                {pd product} {ergonomic}
    uintx NonProfiledCodeHeapSize                  = 122909434                              {pd product} {ergonomic}
    uintx ProfiledCodeHeapSize                     = 122909434                              {pd product} {ergonomic}
    uintx ReservedCodeCacheSize                    = 251658240                              {pd product} {ergonomic}
     bool SegmentedCodeCache                       = true                                      {product} {ergonomic}
   size_t SoftMaxHeapSize                          = 2105540608                             {manageable} {ergonomic}
     bool UseCompressedClassPointers               = true                           {product lp64_product} {ergonomic}
     bool UseCompressedOops                        = true                           {product lp64_product} {ergonomic}
     bool UseG1GC                                  = true                                      {product} {ergonomic}
     bool UseLargePagesIndividualAllocation        = false                                  {pd product} {ergonomic}

Logging:
Log output configuration:
 #0: stdout all=warning uptime,level,tags foldmultilines=false
 #1: stderr all=off uptime,level,tags foldmultilines=false

Environment Variables:
PATH=C:\Users\irisp\AppData\Local\Programs\Python\Scripts;C:\Users\irisp\AppData\Local\Programs\Python\Python313\Scripts\;C:\Users\irisp\AppData\Local\Programs\Python\Python313\;C:\Program Files (x86)\Common Files\Intel\Shared Libraries\redist\intel64_win\compiler;C:\Windows\system32;C:\Windows;C:\Windows\System32\Wbem;C:\Windows\System32\WindowsPowerShell\v1.0\;C:\Windows\System32\OpenSSH\;C:\Program Files\Git\cmd;C:\ProgramData\chocolatey\bin;C:\Program Files\nodejs\;C:\Program Files\Docker\Docker\resources\bin;C:\Program Files\dotnet\;C:\Users\irisp\AppData\Local\pnpm;C:\Program Files (x86)\VMware\VMware Workstation\bin\;C:\Windows\system32;C:\Windows;C:\Windows\System32\Wbem;C:\Windows\System32\WindowsPowerShell\v1.0\;C:\Windows\System32\OpenSSH\;C:\Program Files\Git\cmd;C:\Users\irisp\AppData\Local\Programs\Python\Python39\Scripts\;C:\Users\irisp\AppData\Local\Programs\Python\Python39\;C:\Users\irisp\AppData\Local\Programs\Python\Python313\Scripts\;C:\Users\irisp\AppData\Local\Programs\Python\Python313\;C:\Users\irisp\AppData\Local\Microsoft\WindowsApps;C:\Program Files\JetBrains\PyCharm 2022.2\bin;C:\Program Files\JetBrains\PyCharm Community Edition 2023.2.3\bin;C:\Users\irisp\AppData\Local\Programs\Microsoft VS Code\bin;C:\\Users\\jetbrains\\AppData\\Roaming\\Python\\Scripts;C:\\Users\\Irina Minkina\\AppData\\Roaming\\Python\\Scripts;C:\Program Files\JetBrains\PyCharm 2023.1\bin;;C:\Users\irisp\AppData\Roaming\npm;C:\Program Files\JetBrains\WebStorm 2023.3\bin;;C:\Program Files\JetBrains\IntelliJ IDEA 2023.3.6\bin;;C:\Users\irisp\.dotnet\tools;C:\Program Files\JetBrains\JetBrains Rider 2024.1.3\bin;;C:\Users\irisp\AppData\Local\Programs\cursor\resources\app\bin
USERNAME=irisp
OS=Windows_NT
PROCESSOR_IDENTIFIER=Intel64 Family 6 Model 142 Stepping 12, GenuineIntel
TMP=C:\Users\irisp\AppData\Local\Temp
TEMP=C:\Users\irisp\AppData\Local\Temp




---------------  S Y S T E M  ---------------

OS:
 Windows 11 , 64 bit Build 22621 (10.0.22621.4974)
OS uptime: 27 days 19:24 hours
Hyper-V role detected

CPU: total 8 (initial active 8) (4 cores per cpu, 2 threads per core) family 6 model 142 stepping 12 microcode 0xde, cx8, cmov, fxsr, ht, mmx, 3dnowpref, sse, sse2, sse3, ssse3, sse4.1, sse4.2, popcnt, lzcnt, tsc, tscinvbit, avx, avx2, aes, erms, clmul, bmi1, bmi2, adx, fma, vzeroupper, clflush, clflushopt, hv, rdtscp, f16c

Memory: 4k page, system-wide physical 8025M (404M free)
TotalPageFile size 18025M (AvailPageFile size 97M)
current process WorkingSet (physical memory assigned to process): 11M, peak: 11M
current process commit charge ("private bytes"): 60M, peak: 186M

vm_info: OpenJDK 64-Bit Server VM (20.0.2.1+10-FR) for windows-amd64 JRE (20.0.2.1+10-FR), built on 2023-08-19T09:18:31Z by "Administrator" with unknown MS VC++:1937

END.
